SPH Simulation — Diagnostics Log
Run started: 20260322_120908

=== User Parameters ===
  M1                   = 10.29
  M2                   = 4.5
  a2                   = 19.8
  e2                   = 0.98
  CS                   = 1.056
  eta                  = 1.2
  h_min                = 0.0001
  h_max                = 0.03
  h_iter               = 3
  alpha_visc           = 0.1
  beta_visc            = 0.2
  gamma_CFL            = 0.3
  eps_acc              = 0.0001
  dt_min               = 1e-07
  m_sph                = 1e-07
  r_remove_out         = 2.0
  r_remove_in          = 0.05
  rho_ref              = 0.01
  N_dot                = 0.0
  r_inj                = 0.15
  v_inj                = 0.0
  eps_grav             = 0.0001
  t_end                = 0.4
  dt_snap              = 0.05
  n_frames             = 300
  fps                  = 10
  num_threads          = 0
  plot_lim             = 1.5
  N_seed               = 10000
  M_disk_seed          = 0.001
  t_peri               = 0.2
  render_grid          = 256
  active_numba_threads = 16

=== Derived Constants ===
  G                    = 39.47841760435743
  M_tot                = 10.29
  GM_tot               = 406.23291714883794
  GM2                  = 177.65287921960845
  GM_all               = 583.8857963684463
  P2                   = 22.909399118076376
  t_peri               = 0.2
  N_dot                = 0.0
  dt_max_tidal         = 0.0003622089663122213
  h_new_default        = 0.0037947331922020553
  e2_val               = 0.98
  a2_val               = 19.8

=== Simulation Progress ===
t=0.00 yr  N=10000  dt=8.78e-05 yr  <r>=0.150 au  wall=2s

Simulation complete: 8167 steps, 1911.8s wall time

Total snapshots: 158
Total ts_data points: 8166
